<?xml version="1.0" encoding="UTF-8"?>
<!-- Generated by org.testng.reporters.JUnitReportReporter -->
<testsuite hostname="Ramkumars-MacBook-Air.local" failures="0" tests="5" name="com.qa.opencart.tests.HomePageTest" time="34.951" errors="0" timestamp="09 Nov 2024 07:56:39 GMT" skipped="0">
  <testcase classname="com.qa.opencart.tests.HomePageTest" name="searchTest" time="13.518"/>
  <testcase classname="com.qa.opencart.tests.HomePageTest" name="homePageURLTest" time="0.002"/>
  <testcase classname="com.qa.opencart.tests.HomePageTest" name="searchTest" time="10.416"/>
  <testcase classname="com.qa.opencart.tests.HomePageTest" name="homePageTitleTest" time="0.675"/>
  <testcase classname="com.qa.opencart.tests.HomePageTest" name="searchTest" time="10.340"/>
</testsuite> <!-- com.qa.opencart.tests.HomePageTest -->
