<?xml version="1.0" encoding="UTF-8"?>
<!-- Generated by org.testng.reporters.JUnitReportReporter -->
<testsuite skipped="0" hostname="Ramkumars-MacBook-Air.local" name="com.qa.opencart.tests.HomePageTest" tests="5" failures="0" timestamp="26 Oct 2024 19:27:42 GMT" time="5.173" errors="0">
  <testcase name="homePageURLTest" time="0.002" classname="com.qa.opencart.tests.HomePageTest"/>
  <testcase name="searchTest" time="0.656" classname="com.qa.opencart.tests.HomePageTest"/>
  <testcase name="searchTest" time="0.243" classname="com.qa.opencart.tests.HomePageTest"/>
  <testcase name="searchTest" time="3.542" classname="com.qa.opencart.tests.HomePageTest"/>
  <testcase name="homePageTitleTest" time="0.730" classname="com.qa.opencart.tests.HomePageTest"/>
</testsuite> <!-- com.qa.opencart.tests.HomePageTest -->
