<?xml version="1.0" encoding="UTF-8"?>
<!-- Generated by org.testng.reporters.JUnitReportReporter -->
<testsuite hostname="Ramkumars-MacBook-Air.local" failures="0" tests="5" name="com.qa.opencart.tests.HomePageTest" time="33.261" errors="0" timestamp="03 Nov 2024 19:29:14 GMT" skipped="0">
  <testcase classname="com.qa.opencart.tests.HomePageTest" name="homePageURLTest" time="0.002"/>
  <testcase classname="com.qa.opencart.tests.HomePageTest" name="homePageTitleTest" time="0.451"/>
  <testcase classname="com.qa.opencart.tests.HomePageTest" name="searchTest" time="11.857"/>
  <testcase classname="com.qa.opencart.tests.HomePageTest" name="searchTest" time="10.560"/>
  <testcase classname="com.qa.opencart.tests.HomePageTest" name="searchTest" time="10.391"/>
</testsuite> <!-- com.qa.opencart.tests.HomePageTest -->
